build/app/intermediates/manifest_merge_blame_file/debug/manifest-merger-blame-debug-report.txt
1<?xml version="1.0" encoding="utf-8"?>
2<manifest xmlns:android="http://schemas.android.com/apk/res/android"
3    package="com.mycompany.cnpm"
4    android:versionCode="1"
5    android:versionName="1.0.0" >
6
7    <uses-sdk
8        android:minSdkVersion="23"
9        android:targetSdkVersion="34" />
10    <!--
11         Flutter needs it to communicate with the running application
12         to allow setting breakpoints, to provide hot reload, etc.
13    -->
14    <uses-permission android:name="android.permission.INTERNET" />
14-->src\main\AndroidManifest.xml:4:5-66
14-->src\main\AndroidManifest.xml:4:22-64
15    <uses-permission android:name="android.permission.ACCESS_NETWORK_STATE" />
15-->[com.google.firebase:firebase-config:22.0.1] AndroidManifest.xml:22:5-79
15-->[com.google.firebase:firebase-config:22.0.1] AndroidManifest.xml:22:22-76
16
17    <permission
17-->[androidx.core:core:1.13.1] AndroidManifest.xml:22:5-24:47
18        android:name="com.mycompany.cnpm.DYNAMIC_RECEIVER_NOT_EXPORTED_PERMISSION"
18-->[androidx.core:core:1.13.1] AndroidManifest.xml:23:9-81
19        android:protectionLevel="signature" />
19-->[androidx.core:core:1.13.1] AndroidManifest.xml:24:9-44
20
21    <uses-permission android:name="com.mycompany.cnpm.DYNAMIC_RECEIVER_NOT_EXPORTED_PERMISSION" />
21-->[androidx.core:core:1.13.1] AndroidManifest.xml:26:5-97
21-->[androidx.core:core:1.13.1] AndroidManifest.xml:26:22-94
22
23    <application
23-->src\main\AndroidManifest.xml:7:5-61:19
24        android:appComponentFactory="androidx.core.app.CoreComponentFactory"
24-->[androidx.core:core:1.13.1] AndroidManifest.xml:28:18-86
25        android:debuggable="true"
26        android:extractNativeLibs="false"
27        android:icon="@mipmap/ic_launcher"
27-->src\main\AndroidManifest.xml:10:9-43
28        android:label="cnpm"
28-->src\main\AndroidManifest.xml:8:9-29
29        android:requestLegacyExternalStorage="true" >
29-->src\main\AndroidManifest.xml:11:9-52
30        <activity
30-->src\main\AndroidManifest.xml:13:9-51:20
31            android:name="com.mycompany.cnpm.MainActivity"
31-->src\main\AndroidManifest.xml:14:13-41
32            android:configChanges="orientation|keyboardHidden|keyboard|screenSize|smallestScreenSize|locale|layoutDirection|fontScale|screenLayout|density|uiMode"
32-->src\main\AndroidManifest.xml:18:13-163
33            android:exported="true"
33-->src\main\AndroidManifest.xml:15:13-36
34            android:hardwareAccelerated="true"
34-->src\main\AndroidManifest.xml:19:13-47
35            android:launchMode="singleTop"
35-->src\main\AndroidManifest.xml:16:13-43
36            android:theme="@style/LaunchTheme"
36-->src\main\AndroidManifest.xml:17:13-47
37            android:windowSoftInputMode="adjustResize" >
37-->src\main\AndroidManifest.xml:20:13-55
38
39            <!--
40                 Specifies an Android theme to apply to this Activity as soon as
41                 the Android process has started. This theme is visible to the user
42                 while the Flutter UI initializes. After that, this theme continues
43                 to determine the Window background behind the Flutter UI.
44            -->
45            <meta-data
45-->src\main\AndroidManifest.xml:25:13-28:17
46                android:name="io.flutter.embedding.android.NormalTheme"
46-->src\main\AndroidManifest.xml:26:15-70
47                android:resource="@style/NormalTheme" />
47-->src\main\AndroidManifest.xml:27:15-52
48            <!--
49                 Displays an Android View that continues showing the launch screen
50                 Drawable until Flutter paints its first frame, then this splash
51                 screen fades out. A splash screen is useful to avoid any visual
52                 gap between the end of Android's launch screen and the painting of
53                 Flutter's first frame.
54            -->
55            <meta-data
55-->src\main\AndroidManifest.xml:34:13-37:17
56                android:name="io.flutter.embedding.android.SplashScreenDrawable"
56-->src\main\AndroidManifest.xml:35:15-79
57                android:resource="@drawable/launch_background" />
57-->src\main\AndroidManifest.xml:36:15-61
58
59            <intent-filter>
59-->src\main\AndroidManifest.xml:38:13-41:29
60                <action android:name="android.intent.action.MAIN" />
60-->src\main\AndroidManifest.xml:39:17-68
60-->src\main\AndroidManifest.xml:39:25-66
61
62                <category android:name="android.intent.category.LAUNCHER" />
62-->src\main\AndroidManifest.xml:40:17-76
62-->src\main\AndroidManifest.xml:40:27-74
63            </intent-filter>
64            <!-- Deep linking -->
65            <meta-data
65-->src\main\AndroidManifest.xml:43:13-90
66                android:name="flutter_deeplinking_enabled"
66-->src\main\AndroidManifest.xml:43:24-66
67                android:value="true" />
67-->src\main\AndroidManifest.xml:43:67-87
68
69            <intent-filter android:autoVerify="true" >
69-->src\main\AndroidManifest.xml:44:13-49:29
69-->src\main\AndroidManifest.xml:44:28-53
70                <action android:name="android.intent.action.VIEW" />
70-->src\main\AndroidManifest.xml:45:17-69
70-->src\main\AndroidManifest.xml:45:25-66
71
72                <category android:name="android.intent.category.DEFAULT" />
72-->src\main\AndroidManifest.xml:46:17-76
72-->src\main\AndroidManifest.xml:46:27-73
73                <category android:name="android.intent.category.BROWSABLE" />
73-->src\main\AndroidManifest.xml:47:17-78
73-->src\main\AndroidManifest.xml:47:27-75
74
75                <data
75-->src\main\AndroidManifest.xml:48:17-71
76                    android:host="cnpm.com"
76-->src\main\AndroidManifest.xml:48:45-68
77                    android:scheme="cnpm" />
77-->src\main\AndroidManifest.xml:48:23-44
78            </intent-filter>
79        </activity>
80
81        <!--
82             Don't delete the meta-data below.
83             This is used by the Flutter tool to generate GeneratedPluginRegistrant.java
84        -->
85        <meta-data
85-->src\main\AndroidManifest.xml:55:9-57:33
86            android:name="flutterEmbedding"
86-->src\main\AndroidManifest.xml:56:13-44
87            android:value="2" />
87-->src\main\AndroidManifest.xml:57:13-30
88
89        <service
89-->[:firebase_performance] AndroidManifest.xml:10:9-14:19
90            android:name="com.google.firebase.components.ComponentDiscoveryService"
90-->[:firebase_performance] AndroidManifest.xml:10:18-89
91            android:directBootAware="true"
91-->[com.google.firebase:firebase-common:21.0.0] AndroidManifest.xml:32:13-43
92            android:exported="false" >
92-->[com.google.firebase:firebase-perf:21.0.2] AndroidManifest.xml:13:13-37
93            <meta-data
93-->[:firebase_performance] AndroidManifest.xml:11:13-13:85
94                android:name="com.google.firebase.components:io.flutter.plugins.firebase.performance.FlutterFirebaseAppRegistrar"
94-->[:firebase_performance] AndroidManifest.xml:12:17-130
95                android:value="com.google.firebase.components.ComponentRegistrar" />
95-->[:firebase_performance] AndroidManifest.xml:13:17-82
96            <meta-data
96-->[:firebase_core] AndroidManifest.xml:9:13-11:85
97                android:name="com.google.firebase.components:io.flutter.plugins.firebase.core.FlutterFirebaseCoreRegistrar"
97-->[:firebase_core] AndroidManifest.xml:10:17-124
98                android:value="com.google.firebase.components.ComponentRegistrar" />
98-->[:firebase_core] AndroidManifest.xml:11:17-82
99            <meta-data
99-->[com.google.firebase:firebase-perf:21.0.2] AndroidManifest.xml:14:13-16:85
100                android:name="com.google.firebase.components:com.google.firebase.perf.FirebasePerfKtxRegistrar"
100-->[com.google.firebase:firebase-perf:21.0.2] AndroidManifest.xml:15:17-112
101                android:value="com.google.firebase.components.ComponentRegistrar" />
101-->[com.google.firebase:firebase-perf:21.0.2] AndroidManifest.xml:16:17-82
102            <meta-data
102-->[com.google.firebase:firebase-perf:21.0.2] AndroidManifest.xml:17:13-19:85
103                android:name="com.google.firebase.components:com.google.firebase.perf.FirebasePerfRegistrar"
103-->[com.google.firebase:firebase-perf:21.0.2] AndroidManifest.xml:18:17-109
104                android:value="com.google.firebase.components.ComponentRegistrar" />
104-->[com.google.firebase:firebase-perf:21.0.2] AndroidManifest.xml:19:17-82
105            <meta-data
105-->[com.google.firebase:firebase-sessions:2.0.0] AndroidManifest.xml:29:13-31:85
106                android:name="com.google.firebase.components:com.google.firebase.sessions.FirebaseSessionsRegistrar"
106-->[com.google.firebase:firebase-sessions:2.0.0] AndroidManifest.xml:30:17-117
107                android:value="com.google.firebase.components.ComponentRegistrar" />
107-->[com.google.firebase:firebase-sessions:2.0.0] AndroidManifest.xml:31:17-82
108            <meta-data
108-->[com.google.firebase:firebase-config:22.0.1] AndroidManifest.xml:29:13-31:85
109                android:name="com.google.firebase.components:com.google.firebase.remoteconfig.FirebaseRemoteConfigKtxRegistrar"
109-->[com.google.firebase:firebase-config:22.0.1] AndroidManifest.xml:30:17-128
110                android:value="com.google.firebase.components.ComponentRegistrar" />
110-->[com.google.firebase:firebase-config:22.0.1] AndroidManifest.xml:31:17-82
111            <meta-data
111-->[com.google.firebase:firebase-config:22.0.1] AndroidManifest.xml:32:13-34:85
112                android:name="com.google.firebase.components:com.google.firebase.remoteconfig.RemoteConfigRegistrar"
112-->[com.google.firebase:firebase-config:22.0.1] AndroidManifest.xml:33:17-117
113                android:value="com.google.firebase.components.ComponentRegistrar" />
113-->[com.google.firebase:firebase-config:22.0.1] AndroidManifest.xml:34:17-82
114            <meta-data
114-->[com.google.firebase:firebase-installations:18.0.0] AndroidManifest.xml:15:13-17:85
115                android:name="com.google.firebase.components:com.google.firebase.installations.FirebaseInstallationsKtxRegistrar"
115-->[com.google.firebase:firebase-installations:18.0.0] AndroidManifest.xml:16:17-130
116                android:value="com.google.firebase.components.ComponentRegistrar" />
116-->[com.google.firebase:firebase-installations:18.0.0] AndroidManifest.xml:17:17-82
117            <meta-data
117-->[com.google.firebase:firebase-installations:18.0.0] AndroidManifest.xml:18:13-20:85
118                android:name="com.google.firebase.components:com.google.firebase.installations.FirebaseInstallationsRegistrar"
118-->[com.google.firebase:firebase-installations:18.0.0] AndroidManifest.xml:19:17-127
119                android:value="com.google.firebase.components.ComponentRegistrar" />
119-->[com.google.firebase:firebase-installations:18.0.0] AndroidManifest.xml:20:17-82
120            <meta-data
120-->[com.google.firebase:firebase-common-ktx:21.0.0] AndroidManifest.xml:12:13-14:85
121                android:name="com.google.firebase.components:com.google.firebase.ktx.FirebaseCommonLegacyRegistrar"
121-->[com.google.firebase:firebase-common-ktx:21.0.0] AndroidManifest.xml:13:17-116
122                android:value="com.google.firebase.components.ComponentRegistrar" />
122-->[com.google.firebase:firebase-common-ktx:21.0.0] AndroidManifest.xml:14:17-82
123            <meta-data
123-->[com.google.firebase:firebase-datatransport:18.1.8] AndroidManifest.xml:27:13-29:85
124                android:name="com.google.firebase.components:com.google.firebase.datatransport.TransportRegistrar"
124-->[com.google.firebase:firebase-datatransport:18.1.8] AndroidManifest.xml:28:17-115
125                android:value="com.google.firebase.components.ComponentRegistrar" />
125-->[com.google.firebase:firebase-datatransport:18.1.8] AndroidManifest.xml:29:17-82
126            <meta-data
126-->[com.google.firebase:firebase-common:21.0.0] AndroidManifest.xml:35:13-37:85
127                android:name="com.google.firebase.components:com.google.firebase.FirebaseCommonKtxRegistrar"
127-->[com.google.firebase:firebase-common:21.0.0] AndroidManifest.xml:36:17-109
128                android:value="com.google.firebase.components.ComponentRegistrar" />
128-->[com.google.firebase:firebase-common:21.0.0] AndroidManifest.xml:37:17-82
129            <meta-data
129-->[com.google.firebase:firebase-abt:21.1.1] AndroidManifest.xml:12:13-14:85
130                android:name="com.google.firebase.components:com.google.firebase.abt.component.AbtRegistrar"
130-->[com.google.firebase:firebase-abt:21.1.1] AndroidManifest.xml:13:17-109
131                android:value="com.google.firebase.components.ComponentRegistrar" />
131-->[com.google.firebase:firebase-abt:21.1.1] AndroidManifest.xml:14:17-82
132        </service>
133
134        <activity
134-->[:url_launcher_android] AndroidManifest.xml:8:9-11:74
135            android:name="io.flutter.plugins.urllauncher.WebViewActivity"
135-->[:url_launcher_android] AndroidManifest.xml:9:13-74
136            android:exported="false"
136-->[:url_launcher_android] AndroidManifest.xml:10:13-37
137            android:theme="@android:style/Theme.NoTitleBar.Fullscreen" />
137-->[:url_launcher_android] AndroidManifest.xml:11:13-71
138
139        <service
139-->[com.google.firebase:firebase-sessions:2.0.0] AndroidManifest.xml:22:9-25:40
140            android:name="com.google.firebase.sessions.SessionLifecycleService"
140-->[com.google.firebase:firebase-sessions:2.0.0] AndroidManifest.xml:23:13-80
141            android:enabled="true"
141-->[com.google.firebase:firebase-sessions:2.0.0] AndroidManifest.xml:24:13-35
142            android:exported="false" />
142-->[com.google.firebase:firebase-sessions:2.0.0] AndroidManifest.xml:25:13-37
143        <service
143-->[com.google.android.datatransport:transport-backend-cct:3.1.9] AndroidManifest.xml:28:9-34:19
144            android:name="com.google.android.datatransport.runtime.backends.TransportBackendDiscovery"
144-->[com.google.android.datatransport:transport-backend-cct:3.1.9] AndroidManifest.xml:29:13-103
145            android:exported="false" >
145-->[com.google.android.datatransport:transport-backend-cct:3.1.9] AndroidManifest.xml:30:13-37
146            <meta-data
146-->[com.google.android.datatransport:transport-backend-cct:3.1.9] AndroidManifest.xml:31:13-33:39
147                android:name="backend:com.google.android.datatransport.cct.CctBackendFactory"
147-->[com.google.android.datatransport:transport-backend-cct:3.1.9] AndroidManifest.xml:32:17-94
148                android:value="cct" />
148-->[com.google.android.datatransport:transport-backend-cct:3.1.9] AndroidManifest.xml:33:17-36
149        </service>
150
151        <uses-library
151-->[androidx.window:window:1.2.0] AndroidManifest.xml:23:9-25:40
152            android:name="androidx.window.extensions"
152-->[androidx.window:window:1.2.0] AndroidManifest.xml:24:13-54
153            android:required="false" />
153-->[androidx.window:window:1.2.0] AndroidManifest.xml:25:13-37
154        <uses-library
154-->[androidx.window:window:1.2.0] AndroidManifest.xml:26:9-28:40
155            android:name="androidx.window.sidecar"
155-->[androidx.window:window:1.2.0] AndroidManifest.xml:27:13-51
156            android:required="false" />
156-->[androidx.window:window:1.2.0] AndroidManifest.xml:28:13-37
157
158        <provider
158-->[com.google.firebase:firebase-common:21.0.0] AndroidManifest.xml:23:9-28:39
159            android:name="com.google.firebase.provider.FirebaseInitProvider"
159-->[com.google.firebase:firebase-common:21.0.0] AndroidManifest.xml:24:13-77
160            android:authorities="com.mycompany.cnpm.firebaseinitprovider"
160-->[com.google.firebase:firebase-common:21.0.0] AndroidManifest.xml:25:13-72
161            android:directBootAware="true"
161-->[com.google.firebase:firebase-common:21.0.0] AndroidManifest.xml:26:13-43
162            android:exported="false"
162-->[com.google.firebase:firebase-common:21.0.0] AndroidManifest.xml:27:13-37
163            android:initOrder="100" />
163-->[com.google.firebase:firebase-common:21.0.0] AndroidManifest.xml:28:13-36
164
165        <meta-data
165-->[com.google.android.gms:play-services-basement:18.3.0] AndroidManifest.xml:21:9-23:69
166            android:name="com.google.android.gms.version"
166-->[com.google.android.gms:play-services-basement:18.3.0] AndroidManifest.xml:22:13-58
167            android:value="@integer/google_play_services_version" />
167-->[com.google.android.gms:play-services-basement:18.3.0] AndroidManifest.xml:23:13-66
168
169        <provider
169-->[androidx.lifecycle:lifecycle-process:2.7.0] AndroidManifest.xml:24:9-32:20
170            android:name="androidx.startup.InitializationProvider"
170-->[androidx.lifecycle:lifecycle-process:2.7.0] AndroidManifest.xml:25:13-67
171            android:authorities="com.mycompany.cnpm.androidx-startup"
171-->[androidx.lifecycle:lifecycle-process:2.7.0] AndroidManifest.xml:26:13-68
172            android:exported="false" >
172-->[androidx.lifecycle:lifecycle-process:2.7.0] AndroidManifest.xml:27:13-37
173            <meta-data
173-->[androidx.lifecycle:lifecycle-process:2.7.0] AndroidManifest.xml:29:13-31:52
174                android:name="androidx.lifecycle.ProcessLifecycleInitializer"
174-->[androidx.lifecycle:lifecycle-process:2.7.0] AndroidManifest.xml:30:17-78
175                android:value="androidx.startup" />
175-->[androidx.lifecycle:lifecycle-process:2.7.0] AndroidManifest.xml:31:17-49
176            <meta-data
176-->[androidx.profileinstaller:profileinstaller:1.3.1] AndroidManifest.xml:29:13-31:52
177                android:name="androidx.profileinstaller.ProfileInstallerInitializer"
177-->[androidx.profileinstaller:profileinstaller:1.3.1] AndroidManifest.xml:30:17-85
178                android:value="androidx.startup" />
178-->[androidx.profileinstaller:profileinstaller:1.3.1] AndroidManifest.xml:31:17-49
179        </provider>
180
181        <receiver
181-->[androidx.profileinstaller:profileinstaller:1.3.1] AndroidManifest.xml:34:9-52:20
182            android:name="androidx.profileinstaller.ProfileInstallReceiver"
182-->[androidx.profileinstaller:profileinstaller:1.3.1] AndroidManifest.xml:35:13-76
183            android:directBootAware="false"
183-->[androidx.profileinstaller:profileinstaller:1.3.1] AndroidManifest.xml:36:13-44
184            android:enabled="true"
184-->[androidx.profileinstaller:profileinstaller:1.3.1] AndroidManifest.xml:37:13-35
185            android:exported="true"
185-->[androidx.profileinstaller:profileinstaller:1.3.1] AndroidManifest.xml:38:13-36
186            android:permission="android.permission.DUMP" >
186-->[androidx.profileinstaller:profileinstaller:1.3.1] AndroidManifest.xml:39:13-57
187            <intent-filter>
187-->[androidx.profileinstaller:profileinstaller:1.3.1] AndroidManifest.xml:40:13-42:29
188                <action android:name="androidx.profileinstaller.action.INSTALL_PROFILE" />
188-->[androidx.profileinstaller:profileinstaller:1.3.1] AndroidManifest.xml:41:17-91
188-->[androidx.profileinstaller:profileinstaller:1.3.1] AndroidManifest.xml:41:25-88
189            </intent-filter>
190            <intent-filter>
190-->[androidx.profileinstaller:profileinstaller:1.3.1] AndroidManifest.xml:43:13-45:29
191                <action android:name="androidx.profileinstaller.action.SKIP_FILE" />
191-->[androidx.profileinstaller:profileinstaller:1.3.1] AndroidManifest.xml:44:17-85
191-->[androidx.profileinstaller:profileinstaller:1.3.1] AndroidManifest.xml:44:25-82
192            </intent-filter>
193            <intent-filter>
193-->[androidx.profileinstaller:profileinstaller:1.3.1] AndroidManifest.xml:46:13-48:29
194                <action android:name="androidx.profileinstaller.action.SAVE_PROFILE" />
194-->[androidx.profileinstaller:profileinstaller:1.3.1] AndroidManifest.xml:47:17-88
194-->[androidx.profileinstaller:profileinstaller:1.3.1] AndroidManifest.xml:47:25-85
195            </intent-filter>
196            <intent-filter>
196-->[androidx.profileinstaller:profileinstaller:1.3.1] AndroidManifest.xml:49:13-51:29
197                <action android:name="androidx.profileinstaller.action.BENCHMARK_OPERATION" />
197-->[androidx.profileinstaller:profileinstaller:1.3.1] AndroidManifest.xml:50:17-95
197-->[androidx.profileinstaller:profileinstaller:1.3.1] AndroidManifest.xml:50:25-92
198            </intent-filter>
199        </receiver>
200
201        <service
201-->[com.google.android.datatransport:transport-runtime:3.1.9] AndroidManifest.xml:26:9-30:19
202            android:name="com.google.android.datatransport.runtime.scheduling.jobscheduling.JobInfoSchedulerService"
202-->[com.google.android.datatransport:transport-runtime:3.1.9] AndroidManifest.xml:27:13-117
203            android:exported="false"
203-->[com.google.android.datatransport:transport-runtime:3.1.9] AndroidManifest.xml:28:13-37
204            android:permission="android.permission.BIND_JOB_SERVICE" >
204-->[com.google.android.datatransport:transport-runtime:3.1.9] AndroidManifest.xml:29:13-69
205        </service>
206
207        <receiver
207-->[com.google.android.datatransport:transport-runtime:3.1.9] AndroidManifest.xml:32:9-34:40
208            android:name="com.google.android.datatransport.runtime.scheduling.jobscheduling.AlarmManagerSchedulerBroadcastReceiver"
208-->[com.google.android.datatransport:transport-runtime:3.1.9] AndroidManifest.xml:33:13-132
209            android:exported="false" />
209-->[com.google.android.datatransport:transport-runtime:3.1.9] AndroidManifest.xml:34:13-37
210    </application>
211
212</manifest>